[07-Jun-2017 01:33:54 UTC] PHP Warning:  require_once(../resources/functions.php): failed to open stream: No such file or directory in /home/ubuntu/workspace/PhysicsAjax2/public/AddUser.php on line 1
[07-Jun-2017 01:33:54 UTC] PHP Stack trace:
[07-Jun-2017 01:33:54 UTC] PHP   1. {main}() /home/ubuntu/workspace/PhysicsAjax2/public/AddUser.php:0
[07-Jun-2017 01:33:54 UTC] PHP Fatal error:  require_once(): Failed opening required '../resources/functions.php' (include_path='.:/usr/share/php:/usr/share/pear') in /home/ubuntu/workspace/PhysicsAjax2/public/AddUser.php on line 1
[07-Jun-2017 01:33:54 UTC] PHP Stack trace:
[07-Jun-2017 01:33:54 UTC] PHP   1. {main}() /home/ubuntu/workspace/PhysicsAjax2/public/AddUser.php:0
[07-Jun-2017 05:25:36 UTC] PHP Warning:  include(sessions.php): failed to open stream: No such file or directory in /home/ubuntu/workspace/PhysicsAjax2/public/block.php on line 1
[07-Jun-2017 05:25:36 UTC] PHP Stack trace:
[07-Jun-2017 05:25:36 UTC] PHP   1. {main}() /home/ubuntu/workspace/PhysicsAjax2/public/block.php:0
[07-Jun-2017 05:25:36 UTC] PHP Warning:  include(): Failed opening 'sessions.php' for inclusion (include_path='.:/usr/share/php:/usr/share/pear') in /home/ubuntu/workspace/PhysicsAjax2/public/block.php on line 1
[07-Jun-2017 05:25:36 UTC] PHP Stack trace:
[07-Jun-2017 05:25:36 UTC] PHP   1. {main}() /home/ubuntu/workspace/PhysicsAjax2/public/block.php:0
[07-Jun-2017 05:26:05 UTC] PHP Warning:  include(../resources/sessions.php): failed to open stream: No such file or directory in /home/ubuntu/workspace/PhysicsAjax2/public/block.php on line 1
[07-Jun-2017 05:26:05 UTC] PHP Stack trace:
[07-Jun-2017 05:26:05 UTC] PHP   1. {main}() /home/ubuntu/workspace/PhysicsAjax2/public/block.php:0
[07-Jun-2017 05:26:05 UTC] PHP Warning:  include(): Failed opening '../resources/sessions.php' for inclusion (include_path='.:/usr/share/php:/usr/share/pear') in /home/ubuntu/workspace/PhysicsAjax2/public/block.php on line 1
[07-Jun-2017 05:26:05 UTC] PHP Stack trace:
[07-Jun-2017 05:26:05 UTC] PHP   1. {main}() /home/ubuntu/workspace/PhysicsAjax2/public/block.php:0
[07-Jun-2017 05:27:18 UTC] PHP Warning:  mysqli_query() expects parameter 1 to be mysqli, null given in /home/ubuntu/workspace/PhysicsAjax2/resources/functions.php on line 81
[07-Jun-2017 05:27:18 UTC] PHP Stack trace:
[07-Jun-2017 05:27:18 UTC] PHP   1. {main}() /home/ubuntu/workspace/PhysicsAjax2/public/Login.php:0
[07-Jun-2017 05:27:18 UTC] PHP   2. loginSubmit() /home/ubuntu/workspace/PhysicsAjax2/public/Login.php:2
[07-Jun-2017 05:27:18 UTC] PHP   3. mysqli_query() /home/ubuntu/workspace/PhysicsAjax2/resources/functions.php:81
[07-Jun-2017 06:05:28 UTC] PHP Warning:  array_keys() expects parameter 1 to be array, string given in /home/ubuntu/workspace/PhysicsAjax2/resources/receiver.php on line 18
[07-Jun-2017 06:05:28 UTC] PHP Stack trace:
[07-Jun-2017 06:05:28 UTC] PHP   1. {main}() /home/ubuntu/workspace/PhysicsAjax2/resources/receiver.php:0
[07-Jun-2017 06:05:28 UTC] PHP   2. array_keys() /home/ubuntu/workspace/PhysicsAjax2/resources/receiver.php:18
[07-Jun-2017 06:05:28 UTC] PHP Warning:  array_values() expects parameter 1 to be array, string given in /home/ubuntu/workspace/PhysicsAjax2/resources/receiver.php on line 19
[07-Jun-2017 06:05:28 UTC] PHP Stack trace:
[07-Jun-2017 06:05:28 UTC] PHP   1. {main}() /home/ubuntu/workspace/PhysicsAjax2/resources/receiver.php:0
[07-Jun-2017 06:05:28 UTC] PHP   2. array_values() /home/ubuntu/workspace/PhysicsAjax2/resources/receiver.php:19
[07-Jun-2017 06:05:28 UTC] PHP Warning:  array_values() expects parameter 1 to be array, string given in /home/ubuntu/workspace/PhysicsAjax2/resources/receiver.php on line 20
[07-Jun-2017 06:05:28 UTC] PHP Stack trace:
[07-Jun-2017 06:05:28 UTC] PHP   1. {main}() /home/ubuntu/workspace/PhysicsAjax2/resources/receiver.php:0
[07-Jun-2017 06:05:28 UTC] PHP   2. array_values() /home/ubuntu/workspace/PhysicsAjax2/resources/receiver.php:20
[07-Jun-2017 06:05:32 UTC] PHP Warning:  array_keys() expects parameter 1 to be array, string given in /home/ubuntu/workspace/PhysicsAjax2/resources/receiver.php on line 18
[07-Jun-2017 06:05:32 UTC] PHP Stack trace:
[07-Jun-2017 06:05:32 UTC] PHP   1. {main}() /home/ubuntu/workspace/PhysicsAjax2/resources/receiver.php:0
[07-Jun-2017 06:05:32 UTC] PHP   2. array_keys() /home/ubuntu/workspace/PhysicsAjax2/resources/receiver.php:18
[07-Jun-2017 06:05:32 UTC] PHP Warning:  array_values() expects parameter 1 to be array, string given in /home/ubuntu/workspace/PhysicsAjax2/resources/receiver.php on line 19
[07-Jun-2017 06:05:32 UTC] PHP Stack trace:
[07-Jun-2017 06:05:32 UTC] PHP   1. {main}() /home/ubuntu/workspace/PhysicsAjax2/resources/receiver.php:0
[07-Jun-2017 06:05:32 UTC] PHP   2. array_values() /home/ubuntu/workspace/PhysicsAjax2/resources/receiver.php:19
[07-Jun-2017 06:05:32 UTC] PHP Warning:  array_values() expects parameter 1 to be array, string given in /home/ubuntu/workspace/PhysicsAjax2/resources/receiver.php on line 20
[07-Jun-2017 06:05:32 UTC] PHP Stack trace:
[07-Jun-2017 06:05:32 UTC] PHP   1. {main}() /home/ubuntu/workspace/PhysicsAjax2/resources/receiver.php:0
[07-Jun-2017 06:05:32 UTC] PHP   2. array_values() /home/ubuntu/workspace/PhysicsAjax2/resources/receiver.php:20
[07-Jun-2017 06:06:49 UTC] PHP Fatal error:  Call to undefined function set_message() in /home/ubuntu/workspace/PhysicsAjax2/resources/receiver.php on line 11
[07-Jun-2017 06:06:49 UTC] PHP Stack trace:
[07-Jun-2017 06:06:49 UTC] PHP   1. {main}() /home/ubuntu/workspace/PhysicsAjax2/resources/receiver.php:0
[07-Jun-2017 06:06:52 UTC] PHP Fatal error:  Call to undefined function set_message() in /home/ubuntu/workspace/PhysicsAjax2/resources/receiver.php on line 11
[07-Jun-2017 06:06:52 UTC] PHP Stack trace:
[07-Jun-2017 06:06:52 UTC] PHP   1. {main}() /home/ubuntu/workspace/PhysicsAjax2/resources/receiver.php:0
[07-Jun-2017 06:09:37 UTC] PHP Fatal error:  Cannot redeclare connectDB() (previously declared in /home/ubuntu/workspace/PhysicsAjax2/resources/config.php:20) in /home/ubuntu/workspace/PhysicsAjax2/resources/config.php on line 20
[07-Jun-2017 06:09:37 UTC] PHP Stack trace:
[07-Jun-2017 06:09:37 UTC] PHP   1. {main}() /home/ubuntu/workspace/PhysicsAjax2/resources/receiver.php:0
[07-Jun-2017 06:09:37 UTC] PHP   2. include() /home/ubuntu/workspace/PhysicsAjax2/resources/receiver.php:4
[07-Jun-2017 06:09:40 UTC] PHP Fatal error:  Cannot redeclare connectDB() (previously declared in /home/ubuntu/workspace/PhysicsAjax2/resources/config.php:20) in /home/ubuntu/workspace/PhysicsAjax2/resources/config.php on line 20
[07-Jun-2017 06:09:40 UTC] PHP Stack trace:
[07-Jun-2017 06:09:40 UTC] PHP   1. {main}() /home/ubuntu/workspace/PhysicsAjax2/resources/receiver.php:0
[07-Jun-2017 06:09:40 UTC] PHP   2. include() /home/ubuntu/workspace/PhysicsAjax2/resources/receiver.php:4
[07-Jun-2017 06:23:10 UTC] PHP Fatal error:  Cannot redeclare connectDB() (previously declared in /home/ubuntu/workspace/PhysicsAjax2/resources/config.php:20) in /home/ubuntu/workspace/PhysicsAjax2/resources/config.php on line 20
[07-Jun-2017 06:23:10 UTC] PHP Stack trace:
[07-Jun-2017 06:23:10 UTC] PHP   1. {main}() /home/ubuntu/workspace/PhysicsAjax2/public/receiver.php:0
[07-Jun-2017 06:23:10 UTC] PHP   2. include() /home/ubuntu/workspace/PhysicsAjax2/public/receiver.php:4
[07-Jun-2017 06:23:11 UTC] PHP Fatal error:  Cannot redeclare connectDB() (previously declared in /home/ubuntu/workspace/PhysicsAjax2/resources/config.php:20) in /home/ubuntu/workspace/PhysicsAjax2/resources/config.php on line 20
[07-Jun-2017 06:23:11 UTC] PHP Stack trace:
[07-Jun-2017 06:23:11 UTC] PHP   1. {main}() /home/ubuntu/workspace/PhysicsAjax2/public/receiver.php:0
[07-Jun-2017 06:23:11 UTC] PHP   2. include() /home/ubuntu/workspace/PhysicsAjax2/public/receiver.php:4
[07-Jun-2017 06:25:27 UTC] PHP Fatal error:  Cannot redeclare connectDB() (previously declared in /home/ubuntu/workspace/PhysicsAjax2/resources/config.php:20) in /home/ubuntu/workspace/PhysicsAjax2/resources/config.php on line 20
[07-Jun-2017 06:25:27 UTC] PHP Stack trace:
[07-Jun-2017 06:25:27 UTC] PHP   1. {main}() /home/ubuntu/workspace/PhysicsAjax2/public/receiver.php:0
[07-Jun-2017 06:25:27 UTC] PHP   2. include() /home/ubuntu/workspace/PhysicsAjax2/public/receiver.php:4
[07-Jun-2017 06:27:33 UTC] PHP Warning:  array_keys() expects parameter 1 to be array, string given in /home/ubuntu/workspace/PhysicsAjax2/public/receiver.php on line 23
[07-Jun-2017 06:27:33 UTC] PHP Stack trace:
[07-Jun-2017 06:27:33 UTC] PHP   1. {main}() /home/ubuntu/workspace/PhysicsAjax2/public/receiver.php:0
[07-Jun-2017 06:27:33 UTC] PHP   2. array_keys() /home/ubuntu/workspace/PhysicsAjax2/public/receiver.php:23
[07-Jun-2017 06:27:33 UTC] PHP Warning:  array_values() expects parameter 1 to be array, string given in /home/ubuntu/workspace/PhysicsAjax2/public/receiver.php on line 24
[07-Jun-2017 06:27:33 UTC] PHP Stack trace:
[07-Jun-2017 06:27:33 UTC] PHP   1. {main}() /home/ubuntu/workspace/PhysicsAjax2/public/receiver.php:0
[07-Jun-2017 06:27:33 UTC] PHP   2. array_values() /home/ubuntu/workspace/PhysicsAjax2/public/receiver.php:24
[07-Jun-2017 06:27:33 UTC] PHP Warning:  array_values() expects parameter 1 to be array, string given in /home/ubuntu/workspace/PhysicsAjax2/public/receiver.php on line 25
[07-Jun-2017 06:27:33 UTC] PHP Stack trace:
[07-Jun-2017 06:27:33 UTC] PHP   1. {main}() /home/ubuntu/workspace/PhysicsAjax2/public/receiver.php:0
[07-Jun-2017 06:27:33 UTC] PHP   2. array_values() /home/ubuntu/workspace/PhysicsAjax2/public/receiver.php:25
[07-Jun-2017 06:32:20 UTC] PHP Warning:  array_keys() expects parameter 1 to be array, string given in /home/ubuntu/workspace/PhysicsAjax2/public/receiver.php on line 23
[07-Jun-2017 06:32:20 UTC] PHP Stack trace:
[07-Jun-2017 06:32:20 UTC] PHP   1. {main}() /home/ubuntu/workspace/PhysicsAjax2/public/receiver.php:0
[07-Jun-2017 06:32:20 UTC] PHP   2. array_keys() /home/ubuntu/workspace/PhysicsAjax2/public/receiver.php:23
[07-Jun-2017 06:32:20 UTC] PHP Warning:  array_values() expects parameter 1 to be array, string given in /home/ubuntu/workspace/PhysicsAjax2/public/receiver.php on line 24
[07-Jun-2017 06:32:20 UTC] PHP Stack trace:
[07-Jun-2017 06:32:20 UTC] PHP   1. {main}() /home/ubuntu/workspace/PhysicsAjax2/public/receiver.php:0
[07-Jun-2017 06:32:20 UTC] PHP   2. array_values() /home/ubuntu/workspace/PhysicsAjax2/public/receiver.php:24
[07-Jun-2017 06:32:20 UTC] PHP Warning:  array_values() expects parameter 1 to be array, string given in /home/ubuntu/workspace/PhysicsAjax2/public/receiver.php on line 25
[07-Jun-2017 06:32:20 UTC] PHP Stack trace:
[07-Jun-2017 06:32:20 UTC] PHP   1. {main}() /home/ubuntu/workspace/PhysicsAjax2/public/receiver.php:0
[07-Jun-2017 06:32:20 UTC] PHP   2. array_values() /home/ubuntu/workspace/PhysicsAjax2/public/receiver.php:25
[07-Jun-2017 06:32:27 UTC] PHP Warning:  array_keys() expects parameter 1 to be array, string given in /home/ubuntu/workspace/PhysicsAjax2/public/receiver.php on line 23
[07-Jun-2017 06:32:27 UTC] PHP Stack trace:
[07-Jun-2017 06:32:27 UTC] PHP   1. {main}() /home/ubuntu/workspace/PhysicsAjax2/public/receiver.php:0
[07-Jun-2017 06:32:27 UTC] PHP   2. array_keys() /home/ubuntu/workspace/PhysicsAjax2/public/receiver.php:23
[07-Jun-2017 06:32:27 UTC] PHP Warning:  array_values() expects parameter 1 to be array, string given in /home/ubuntu/workspace/PhysicsAjax2/public/receiver.php on line 24
[07-Jun-2017 06:32:27 UTC] PHP Stack trace:
[07-Jun-2017 06:32:27 UTC] PHP   1. {main}() /home/ubuntu/workspace/PhysicsAjax2/public/receiver.php:0
[07-Jun-2017 06:32:27 UTC] PHP   2. array_values() /home/ubuntu/workspace/PhysicsAjax2/public/receiver.php:24
[07-Jun-2017 06:32:27 UTC] PHP Warning:  array_values() expects parameter 1 to be array, string given in /home/ubuntu/workspace/PhysicsAjax2/public/receiver.php on line 25
[07-Jun-2017 06:32:27 UTC] PHP Stack trace:
[07-Jun-2017 06:32:27 UTC] PHP   1. {main}() /home/ubuntu/workspace/PhysicsAjax2/public/receiver.php:0
[07-Jun-2017 06:32:27 UTC] PHP   2. array_values() /home/ubuntu/workspace/PhysicsAjax2/public/receiver.php:25
[07-Jun-2017 06:32:30 UTC] PHP Warning:  array_keys() expects parameter 1 to be array, string given in /home/ubuntu/workspace/PhysicsAjax2/public/receiver.php on line 23
[07-Jun-2017 06:32:30 UTC] PHP Stack trace:
[07-Jun-2017 06:32:30 UTC] PHP   1. {main}() /home/ubuntu/workspace/PhysicsAjax2/public/receiver.php:0
[07-Jun-2017 06:32:30 UTC] PHP   2. array_keys() /home/ubuntu/workspace/PhysicsAjax2/public/receiver.php:23
[07-Jun-2017 06:32:30 UTC] PHP Warning:  array_values() expects parameter 1 to be array, string given in /home/ubuntu/workspace/PhysicsAjax2/public/receiver.php on line 24
[07-Jun-2017 06:32:30 UTC] PHP Stack trace:
[07-Jun-2017 06:32:30 UTC] PHP   1. {main}() /home/ubuntu/workspace/PhysicsAjax2/public/receiver.php:0
[07-Jun-2017 06:32:30 UTC] PHP   2. array_values() /home/ubuntu/workspace/PhysicsAjax2/public/receiver.php:24
[07-Jun-2017 06:32:30 UTC] PHP Warning:  array_values() expects parameter 1 to be array, string given in /home/ubuntu/workspace/PhysicsAjax2/public/receiver.php on line 25
[07-Jun-2017 06:32:30 UTC] PHP Stack trace:
[07-Jun-2017 06:32:30 UTC] PHP   1. {main}() /home/ubuntu/workspace/PhysicsAjax2/public/receiver.php:0
[07-Jun-2017 06:32:30 UTC] PHP   2. array_values() /home/ubuntu/workspace/PhysicsAjax2/public/receiver.php:25
[07-Jun-2017 06:33:27 UTC] PHP Warning:  array_keys() expects parameter 1 to be array, string given in /home/ubuntu/workspace/PhysicsAjax2/public/receiver.php on line 23
[07-Jun-2017 06:33:27 UTC] PHP Stack trace:
[07-Jun-2017 06:33:27 UTC] PHP   1. {main}() /home/ubuntu/workspace/PhysicsAjax2/public/receiver.php:0
[07-Jun-2017 06:33:27 UTC] PHP   2. array_keys() /home/ubuntu/workspace/PhysicsAjax2/public/receiver.php:23
[07-Jun-2017 06:33:27 UTC] PHP Warning:  array_values() expects parameter 1 to be array, string given in /home/ubuntu/workspace/PhysicsAjax2/public/receiver.php on line 24
[07-Jun-2017 06:33:27 UTC] PHP Stack trace:
[07-Jun-2017 06:33:27 UTC] PHP   1. {main}() /home/ubuntu/workspace/PhysicsAjax2/public/receiver.php:0
[07-Jun-2017 06:33:27 UTC] PHP   2. array_values() /home/ubuntu/workspace/PhysicsAjax2/public/receiver.php:24
[07-Jun-2017 06:33:27 UTC] PHP Warning:  array_values() expects parameter 1 to be array, string given in /home/ubuntu/workspace/PhysicsAjax2/public/receiver.php on line 25
[07-Jun-2017 06:33:27 UTC] PHP Stack trace:
[07-Jun-2017 06:33:27 UTC] PHP   1. {main}() /home/ubuntu/workspace/PhysicsAjax2/public/receiver.php:0
[07-Jun-2017 06:33:27 UTC] PHP   2. array_values() /home/ubuntu/workspace/PhysicsAjax2/public/receiver.php:25
[07-Jun-2017 06:34:03 UTC] PHP Warning:  array_keys() expects parameter 1 to be array, string given in /home/ubuntu/workspace/PhysicsAjax2/public/receiver.php on line 23
[07-Jun-2017 06:34:03 UTC] PHP Stack trace:
[07-Jun-2017 06:34:03 UTC] PHP   1. {main}() /home/ubuntu/workspace/PhysicsAjax2/public/receiver.php:0
[07-Jun-2017 06:34:03 UTC] PHP   2. array_keys() /home/ubuntu/workspace/PhysicsAjax2/public/receiver.php:23
[07-Jun-2017 06:34:03 UTC] PHP Warning:  array_values() expects parameter 1 to be array, string given in /home/ubuntu/workspace/PhysicsAjax2/public/receiver.php on line 24
[07-Jun-2017 06:34:03 UTC] PHP Stack trace:
[07-Jun-2017 06:34:03 UTC] PHP   1. {main}() /home/ubuntu/workspace/PhysicsAjax2/public/receiver.php:0
[07-Jun-2017 06:34:03 UTC] PHP   2. array_values() /home/ubuntu/workspace/PhysicsAjax2/public/receiver.php:24
[07-Jun-2017 06:34:03 UTC] PHP Warning:  array_values() expects parameter 1 to be array, string given in /home/ubuntu/workspace/PhysicsAjax2/public/receiver.php on line 25
[07-Jun-2017 06:34:03 UTC] PHP Stack trace:
[07-Jun-2017 06:34:03 UTC] PHP   1. {main}() /home/ubuntu/workspace/PhysicsAjax2/public/receiver.php:0
[07-Jun-2017 06:34:03 UTC] PHP   2. array_values() /home/ubuntu/workspace/PhysicsAjax2/public/receiver.php:25
[07-Jun-2017 06:38:11 UTC] PHP Warning:  array_keys() expects parameter 1 to be array, string given in /home/ubuntu/workspace/PhysicsAjax2/public/receiver.php on line 23
[07-Jun-2017 06:38:11 UTC] PHP Stack trace:
[07-Jun-2017 06:38:11 UTC] PHP   1. {main}() /home/ubuntu/workspace/PhysicsAjax2/public/receiver.php:0
[07-Jun-2017 06:38:11 UTC] PHP   2. array_keys() /home/ubuntu/workspace/PhysicsAjax2/public/receiver.php:23
[07-Jun-2017 06:38:11 UTC] PHP Warning:  array_values() expects parameter 1 to be array, string given in /home/ubuntu/workspace/PhysicsAjax2/public/receiver.php on line 24
[07-Jun-2017 06:38:11 UTC] PHP Stack trace:
[07-Jun-2017 06:38:11 UTC] PHP   1. {main}() /home/ubuntu/workspace/PhysicsAjax2/public/receiver.php:0
[07-Jun-2017 06:38:11 UTC] PHP   2. array_values() /home/ubuntu/workspace/PhysicsAjax2/public/receiver.php:24
[07-Jun-2017 06:38:11 UTC] PHP Warning:  array_values() expects parameter 1 to be array, string given in /home/ubuntu/workspace/PhysicsAjax2/public/receiver.php on line 25
[07-Jun-2017 06:38:11 UTC] PHP Stack trace:
[07-Jun-2017 06:38:11 UTC] PHP   1. {main}() /home/ubuntu/workspace/PhysicsAjax2/public/receiver.php:0
[07-Jun-2017 06:38:11 UTC] PHP   2. array_values() /home/ubuntu/workspace/PhysicsAjax2/public/receiver.php:25
[07-Jun-2017 06:38:36 UTC] PHP Warning:  array_keys() expects parameter 1 to be array, string given in /home/ubuntu/workspace/PhysicsAjax2/public/receiver.php on line 23
[07-Jun-2017 06:38:36 UTC] PHP Stack trace:
[07-Jun-2017 06:38:36 UTC] PHP   1. {main}() /home/ubuntu/workspace/PhysicsAjax2/public/receiver.php:0
[07-Jun-2017 06:38:36 UTC] PHP   2. array_keys() /home/ubuntu/workspace/PhysicsAjax2/public/receiver.php:23
[07-Jun-2017 06:38:36 UTC] PHP Warning:  array_values() expects parameter 1 to be array, string given in /home/ubuntu/workspace/PhysicsAjax2/public/receiver.php on line 24
[07-Jun-2017 06:38:36 UTC] PHP Stack trace:
[07-Jun-2017 06:38:36 UTC] PHP   1. {main}() /home/ubuntu/workspace/PhysicsAjax2/public/receiver.php:0
[07-Jun-2017 06:38:36 UTC] PHP   2. array_values() /home/ubuntu/workspace/PhysicsAjax2/public/receiver.php:24
[07-Jun-2017 06:38:36 UTC] PHP Warning:  array_values() expects parameter 1 to be array, string given in /home/ubuntu/workspace/PhysicsAjax2/public/receiver.php on line 25
[07-Jun-2017 06:38:36 UTC] PHP Stack trace:
[07-Jun-2017 06:38:36 UTC] PHP   1. {main}() /home/ubuntu/workspace/PhysicsAjax2/public/receiver.php:0
[07-Jun-2017 06:38:36 UTC] PHP   2. array_values() /home/ubuntu/workspace/PhysicsAjax2/public/receiver.php:25
[07-Jun-2017 06:39:31 UTC] PHP Warning:  array_keys() expects parameter 1 to be array, string given in /home/ubuntu/workspace/PhysicsAjax2/public/receiver.php on line 23
[07-Jun-2017 06:39:31 UTC] PHP Stack trace:
[07-Jun-2017 06:39:31 UTC] PHP   1. {main}() /home/ubuntu/workspace/PhysicsAjax2/public/receiver.php:0
[07-Jun-2017 06:39:31 UTC] PHP   2. array_keys() /home/ubuntu/workspace/PhysicsAjax2/public/receiver.php:23
[07-Jun-2017 06:39:31 UTC] PHP Warning:  array_values() expects parameter 1 to be array, string given in /home/ubuntu/workspace/PhysicsAjax2/public/receiver.php on line 24
[07-Jun-2017 06:39:31 UTC] PHP Stack trace:
[07-Jun-2017 06:39:31 UTC] PHP   1. {main}() /home/ubuntu/workspace/PhysicsAjax2/public/receiver.php:0
[07-Jun-2017 06:39:31 UTC] PHP   2. array_values() /home/ubuntu/workspace/PhysicsAjax2/public/receiver.php:24
[07-Jun-2017 06:39:31 UTC] PHP Warning:  array_values() expects parameter 1 to be array, string given in /home/ubuntu/workspace/PhysicsAjax2/public/receiver.php on line 25
[07-Jun-2017 06:39:31 UTC] PHP Stack trace:
[07-Jun-2017 06:39:31 UTC] PHP   1. {main}() /home/ubuntu/workspace/PhysicsAjax2/public/receiver.php:0
[07-Jun-2017 06:39:31 UTC] PHP   2. array_values() /home/ubuntu/workspace/PhysicsAjax2/public/receiver.php:25
[07-Jun-2017 06:39:34 UTC] PHP Warning:  array_keys() expects parameter 1 to be array, string given in /home/ubuntu/workspace/PhysicsAjax2/public/receiver.php on line 23
[07-Jun-2017 06:39:34 UTC] PHP Stack trace:
[07-Jun-2017 06:39:34 UTC] PHP   1. {main}() /home/ubuntu/workspace/PhysicsAjax2/public/receiver.php:0
[07-Jun-2017 06:39:34 UTC] PHP   2. array_keys() /home/ubuntu/workspace/PhysicsAjax2/public/receiver.php:23
[07-Jun-2017 06:39:34 UTC] PHP Warning:  array_values() expects parameter 1 to be array, string given in /home/ubuntu/workspace/PhysicsAjax2/public/receiver.php on line 24
[07-Jun-2017 06:39:34 UTC] PHP Stack trace:
[07-Jun-2017 06:39:34 UTC] PHP   1. {main}() /home/ubuntu/workspace/PhysicsAjax2/public/receiver.php:0
[07-Jun-2017 06:39:34 UTC] PHP   2. array_values() /home/ubuntu/workspace/PhysicsAjax2/public/receiver.php:24
[07-Jun-2017 06:39:34 UTC] PHP Warning:  array_values() expects parameter 1 to be array, string given in /home/ubuntu/workspace/PhysicsAjax2/public/receiver.php on line 25
[07-Jun-2017 06:39:34 UTC] PHP Stack trace:
[07-Jun-2017 06:39:34 UTC] PHP   1. {main}() /home/ubuntu/workspace/PhysicsAjax2/public/receiver.php:0
[07-Jun-2017 06:39:34 UTC] PHP   2. array_values() /home/ubuntu/workspace/PhysicsAjax2/public/receiver.php:25
[07-Jun-2017 06:40:25 UTC] PHP Warning:  array_keys() expects parameter 1 to be array, string given in /home/ubuntu/workspace/PhysicsAjax2/public/receiver.php on line 23
[07-Jun-2017 06:40:25 UTC] PHP Stack trace:
[07-Jun-2017 06:40:25 UTC] PHP   1. {main}() /home/ubuntu/workspace/PhysicsAjax2/public/receiver.php:0
[07-Jun-2017 06:40:25 UTC] PHP   2. array_keys() /home/ubuntu/workspace/PhysicsAjax2/public/receiver.php:23
[07-Jun-2017 06:40:25 UTC] PHP Warning:  array_values() expects parameter 1 to be array, string given in /home/ubuntu/workspace/PhysicsAjax2/public/receiver.php on line 24
[07-Jun-2017 06:40:25 UTC] PHP Stack trace:
[07-Jun-2017 06:40:25 UTC] PHP   1. {main}() /home/ubuntu/workspace/PhysicsAjax2/public/receiver.php:0
[07-Jun-2017 06:40:25 UTC] PHP   2. array_values() /home/ubuntu/workspace/PhysicsAjax2/public/receiver.php:24
[07-Jun-2017 06:40:25 UTC] PHP Warning:  array_values() expects parameter 1 to be array, string given in /home/ubuntu/workspace/PhysicsAjax2/public/receiver.php on line 25
[07-Jun-2017 06:40:25 UTC] PHP Stack trace:
[07-Jun-2017 06:40:25 UTC] PHP   1. {main}() /home/ubuntu/workspace/PhysicsAjax2/public/receiver.php:0
[07-Jun-2017 06:40:25 UTC] PHP   2. array_values() /home/ubuntu/workspace/PhysicsAjax2/public/receiver.php:25
[07-Jun-2017 06:40:27 UTC] PHP Warning:  array_keys() expects parameter 1 to be array, string given in /home/ubuntu/workspace/PhysicsAjax2/public/receiver.php on line 23
[07-Jun-2017 06:40:27 UTC] PHP Stack trace:
[07-Jun-2017 06:40:27 UTC] PHP   1. {main}() /home/ubuntu/workspace/PhysicsAjax2/public/receiver.php:0
[07-Jun-2017 06:40:27 UTC] PHP   2. array_keys() /home/ubuntu/workspace/PhysicsAjax2/public/receiver.php:23
[07-Jun-2017 06:40:27 UTC] PHP Warning:  array_values() expects parameter 1 to be array, string given in /home/ubuntu/workspace/PhysicsAjax2/public/receiver.php on line 24
[07-Jun-2017 06:40:27 UTC] PHP Stack trace:
[07-Jun-2017 06:40:27 UTC] PHP   1. {main}() /home/ubuntu/workspace/PhysicsAjax2/public/receiver.php:0
[07-Jun-2017 06:40:27 UTC] PHP   2. array_values() /home/ubuntu/workspace/PhysicsAjax2/public/receiver.php:24
[07-Jun-2017 06:40:27 UTC] PHP Warning:  array_values() expects parameter 1 to be array, string given in /home/ubuntu/workspace/PhysicsAjax2/public/receiver.php on line 25
[07-Jun-2017 06:40:27 UTC] PHP Stack trace:
[07-Jun-2017 06:40:27 UTC] PHP   1. {main}() /home/ubuntu/workspace/PhysicsAjax2/public/receiver.php:0
[07-Jun-2017 06:40:27 UTC] PHP   2. array_values() /home/ubuntu/workspace/PhysicsAjax2/public/receiver.php:25
[07-Jun-2017 06:41:07 UTC] PHP Warning:  array_keys() expects parameter 1 to be array, string given in /home/ubuntu/workspace/PhysicsAjax2/public/receiver.php on line 23
[07-Jun-2017 06:41:07 UTC] PHP Stack trace:
[07-Jun-2017 06:41:07 UTC] PHP   1. {main}() /home/ubuntu/workspace/PhysicsAjax2/public/receiver.php:0
[07-Jun-2017 06:41:07 UTC] PHP   2. array_keys() /home/ubuntu/workspace/PhysicsAjax2/public/receiver.php:23
[07-Jun-2017 06:41:07 UTC] PHP Warning:  array_values() expects parameter 1 to be array, string given in /home/ubuntu/workspace/PhysicsAjax2/public/receiver.php on line 24
[07-Jun-2017 06:41:07 UTC] PHP Stack trace:
[07-Jun-2017 06:41:07 UTC] PHP   1. {main}() /home/ubuntu/workspace/PhysicsAjax2/public/receiver.php:0
[07-Jun-2017 06:41:07 UTC] PHP   2. array_values() /home/ubuntu/workspace/PhysicsAjax2/public/receiver.php:24
[07-Jun-2017 06:41:07 UTC] PHP Warning:  array_values() expects parameter 1 to be array, string given in /home/ubuntu/workspace/PhysicsAjax2/public/receiver.php on line 25
[07-Jun-2017 06:41:07 UTC] PHP Stack trace:
[07-Jun-2017 06:41:07 UTC] PHP   1. {main}() /home/ubuntu/workspace/PhysicsAjax2/public/receiver.php:0
[07-Jun-2017 06:41:07 UTC] PHP   2. array_values() /home/ubuntu/workspace/PhysicsAjax2/public/receiver.php:25
[07-Jun-2017 06:41:17 UTC] PHP Warning:  array_keys() expects parameter 1 to be array, string given in /home/ubuntu/workspace/PhysicsAjax2/public/receiver.php on line 23
[07-Jun-2017 06:41:17 UTC] PHP Stack trace:
[07-Jun-2017 06:41:17 UTC] PHP   1. {main}() /home/ubuntu/workspace/PhysicsAjax2/public/receiver.php:0
[07-Jun-2017 06:41:17 UTC] PHP   2. array_keys() /home/ubuntu/workspace/PhysicsAjax2/public/receiver.php:23
[07-Jun-2017 06:41:17 UTC] PHP Warning:  array_values() expects parameter 1 to be array, string given in /home/ubuntu/workspace/PhysicsAjax2/public/receiver.php on line 24
[07-Jun-2017 06:41:17 UTC] PHP Stack trace:
[07-Jun-2017 06:41:17 UTC] PHP   1. {main}() /home/ubuntu/workspace/PhysicsAjax2/public/receiver.php:0
[07-Jun-2017 06:41:17 UTC] PHP   2. array_values() /home/ubuntu/workspace/PhysicsAjax2/public/receiver.php:24
[07-Jun-2017 06:41:17 UTC] PHP Warning:  array_values() expects parameter 1 to be array, string given in /home/ubuntu/workspace/PhysicsAjax2/public/receiver.php on line 25
[07-Jun-2017 06:41:17 UTC] PHP Stack trace:
[07-Jun-2017 06:41:17 UTC] PHP   1. {main}() /home/ubuntu/workspace/PhysicsAjax2/public/receiver.php:0
[07-Jun-2017 06:41:17 UTC] PHP   2. array_values() /home/ubuntu/workspace/PhysicsAjax2/public/receiver.php:25
[07-Jun-2017 06:41:51 UTC] PHP Warning:  array_keys() expects parameter 1 to be array, string given in /home/ubuntu/workspace/PhysicsAjax2/public/receiver.php on line 23
[07-Jun-2017 06:41:51 UTC] PHP Stack trace:
[07-Jun-2017 06:41:51 UTC] PHP   1. {main}() /home/ubuntu/workspace/PhysicsAjax2/public/receiver.php:0
[07-Jun-2017 06:41:51 UTC] PHP   2. array_keys() /home/ubuntu/workspace/PhysicsAjax2/public/receiver.php:23
[07-Jun-2017 06:41:51 UTC] PHP Warning:  array_values() expects parameter 1 to be array, string given in /home/ubuntu/workspace/PhysicsAjax2/public/receiver.php on line 24
[07-Jun-2017 06:41:51 UTC] PHP Stack trace:
[07-Jun-2017 06:41:51 UTC] PHP   1. {main}() /home/ubuntu/workspace/PhysicsAjax2/public/receiver.php:0
[07-Jun-2017 06:41:51 UTC] PHP   2. array_values() /home/ubuntu/workspace/PhysicsAjax2/public/receiver.php:24
[07-Jun-2017 06:41:51 UTC] PHP Warning:  array_values() expects parameter 1 to be array, string given in /home/ubuntu/workspace/PhysicsAjax2/public/receiver.php on line 25
[07-Jun-2017 06:41:51 UTC] PHP Stack trace:
[07-Jun-2017 06:41:51 UTC] PHP   1. {main}() /home/ubuntu/workspace/PhysicsAjax2/public/receiver.php:0
[07-Jun-2017 06:41:51 UTC] PHP   2. array_values() /home/ubuntu/workspace/PhysicsAjax2/public/receiver.php:25
[10-Jun-2017 22:06:34 UTC] PHP Fatal error:  Call to undefined function display_message() in /home/ubuntu/workspace/PhysicsAjax2/public/block.php on line 17
[10-Jun-2017 22:06:34 UTC] PHP Stack trace:
[10-Jun-2017 22:06:34 UTC] PHP   1. {main}() /home/ubuntu/workspace/PhysicsAjax2/public/block.php:0
[22-Jun-2017 00:28:06 UTC] PHP Fatal error:  Allowed memory size of 134217728 bytes exhausted (tried to allocate 133693440 bytes) in /home/ubuntu/workspace/PhysicsAjax2/public/receiver.php on line 108
[22-Jun-2017 00:28:06 UTC] PHP Stack trace:
[22-Jun-2017 00:28:06 UTC] PHP   1. {main}() /home/ubuntu/workspace/PhysicsAjax2/public/receiver.php:0
[22-Jun-2017 00:28:09 UTC] PHP Fatal error:  Allowed memory size of 134217728 bytes exhausted (tried to allocate 133693440 bytes) in /home/ubuntu/workspace/PhysicsAjax2/public/receiver.php on line 108
[22-Jun-2017 00:28:09 UTC] PHP Stack trace:
[22-Jun-2017 00:28:09 UTC] PHP   1. {main}() /home/ubuntu/workspace/PhysicsAjax2/public/receiver.php:0
[22-Jun-2017 00:28:11 UTC] PHP Fatal error:  Allowed memory size of 134217728 bytes exhausted (tried to allocate 133693440 bytes) in /home/ubuntu/workspace/PhysicsAjax2/public/receiver.php on line 108
[22-Jun-2017 00:28:11 UTC] PHP Stack trace:
[22-Jun-2017 00:28:11 UTC] PHP   1. {main}() /home/ubuntu/workspace/PhysicsAjax2/public/receiver.php:0
[22-Jun-2017 00:28:53 UTC] PHP Fatal error:  Allowed memory size of 134217728 bytes exhausted (tried to allocate 133693440 bytes) in /home/ubuntu/workspace/PhysicsAjax2/public/receiver.php on line 106
[22-Jun-2017 00:28:53 UTC] PHP Stack trace:
[22-Jun-2017 00:28:53 UTC] PHP   1. {main}() /home/ubuntu/workspace/PhysicsAjax2/public/receiver.php:0
[22-Jun-2017 00:28:55 UTC] PHP Fatal error:  Allowed memory size of 134217728 bytes exhausted (tried to allocate 133693440 bytes) in /home/ubuntu/workspace/PhysicsAjax2/public/receiver.php on line 106
[22-Jun-2017 00:28:55 UTC] PHP Stack trace:
[22-Jun-2017 00:28:55 UTC] PHP   1. {main}() /home/ubuntu/workspace/PhysicsAjax2/public/receiver.php:0
[22-Jun-2017 00:42:50 UTC] PHP Fatal error:  Call to undefined function solve_library() in /home/ubuntu/workspace/PhysicsAjax2/public/receiver.php on line 115
[22-Jun-2017 00:42:50 UTC] PHP Stack trace:
[22-Jun-2017 00:42:50 UTC] PHP   1. {main}() /home/ubuntu/workspace/PhysicsAjax2/public/receiver.php:0
[22-Jun-2017 00:45:21 UTC] PHP Fatal error:  Function name must be a string in /home/ubuntu/workspace/PhysicsAjax2/resources/solve_library.php on line 41
[22-Jun-2017 00:45:21 UTC] PHP Stack trace:
[22-Jun-2017 00:45:21 UTC] PHP   1. {main}() /home/ubuntu/workspace/PhysicsAjax2/public/receiver.php:0
[22-Jun-2017 00:45:21 UTC] PHP   2. solve() /home/ubuntu/workspace/PhysicsAjax2/public/receiver.php:115
[22-Jun-2017 00:46:50 UTC] PHP Fatal error:  Function name must be a string in /home/ubuntu/workspace/PhysicsAjax2/resources/solve_library.php on line 41
[22-Jun-2017 00:46:50 UTC] PHP Stack trace:
[22-Jun-2017 00:46:50 UTC] PHP   1. {main}() /home/ubuntu/workspace/PhysicsAjax2/public/receiver.php:0
[22-Jun-2017 00:46:50 UTC] PHP   2. solve() /home/ubuntu/workspace/PhysicsAjax2/public/receiver.php:115
[22-Jun-2017 00:53:43 UTC] PHP Fatal error:  Function name must be a string in /home/ubuntu/workspace/PhysicsAjax2/resources/solve_library.php on line 41
[22-Jun-2017 00:53:43 UTC] PHP Stack trace:
[22-Jun-2017 00:53:43 UTC] PHP   1. {main}() /home/ubuntu/workspace/PhysicsAjax2/public/receiver.php:0
[22-Jun-2017 00:53:43 UTC] PHP   2. solvve() /home/ubuntu/workspace/PhysicsAjax2/public/receiver.php:115
[22-Jun-2017 00:56:37 UTC] PHP Warning:  Division by zero in /home/ubuntu/workspace/PhysicsAjax2/resources/solve_library.php on line 49
[22-Jun-2017 00:56:37 UTC] PHP Stack trace:
[22-Jun-2017 00:56:37 UTC] PHP   1. {main}() /home/ubuntu/workspace/PhysicsAjax2/public/receiver.php:0
[22-Jun-2017 00:56:37 UTC] PHP   2. solvve() /home/ubuntu/workspace/PhysicsAjax2/public/receiver.php:115
[22-Jun-2017 00:56:37 UTC] PHP Warning:  Division by zero in /home/ubuntu/workspace/PhysicsAjax2/resources/solve_library.php on line 49
[22-Jun-2017 00:56:37 UTC] PHP Stack trace:
[22-Jun-2017 00:56:37 UTC] PHP   1. {main}() /home/ubuntu/workspace/PhysicsAjax2/public/receiver.php:0
[22-Jun-2017 00:56:37 UTC] PHP   2. solvve() /home/ubuntu/workspace/PhysicsAjax2/public/receiver.php:115
[22-Jun-2017 00:56:37 UTC] PHP Warning:  Division by zero in /home/ubuntu/workspace/PhysicsAjax2/resources/solve_library.php on line 49
[22-Jun-2017 00:56:37 UTC] PHP Stack trace:
[22-Jun-2017 00:56:37 UTC] PHP   1. {main}() /home/ubuntu/workspace/PhysicsAjax2/public/receiver.php:0
[22-Jun-2017 00:56:37 UTC] PHP   2. solvve() /home/ubuntu/workspace/PhysicsAjax2/public/receiver.php:115
[22-Jun-2017 00:56:37 UTC] PHP Warning:  Division by zero in /home/ubuntu/workspace/PhysicsAjax2/resources/solve_library.php on line 50
[22-Jun-2017 00:56:37 UTC] PHP Stack trace:
[22-Jun-2017 00:56:37 UTC] PHP   1. {main}() /home/ubuntu/workspace/PhysicsAjax2/public/receiver.php:0
[22-Jun-2017 00:56:37 UTC] PHP   2. solvve() /home/ubuntu/workspace/PhysicsAjax2/public/receiver.php:115
[22-Jun-2017 00:56:37 UTC] PHP Warning:  Division by zero in /home/ubuntu/workspace/PhysicsAjax2/resources/solve_library.php on line 50
[22-Jun-2017 00:56:37 UTC] PHP Stack trace:
[22-Jun-2017 00:56:37 UTC] PHP   1. {main}() /home/ubuntu/workspace/PhysicsAjax2/public/receiver.php:0
[22-Jun-2017 00:56:37 UTC] PHP   2. solvve() /home/ubuntu/workspace/PhysicsAjax2/public/receiver.php:115
[22-Jun-2017 00:56:37 UTC] PHP Warning:  Division by zero in /home/ubuntu/workspace/PhysicsAjax2/resources/solve_library.php on line 50
[22-Jun-2017 00:56:37 UTC] PHP Stack trace:
[22-Jun-2017 00:56:37 UTC] PHP   1. {main}() /home/ubuntu/workspace/PhysicsAjax2/public/receiver.php:0
[22-Jun-2017 00:56:37 UTC] PHP   2. solvve() /home/ubuntu/workspace/PhysicsAjax2/public/receiver.php:115
[22-Jun-2017 00:56:37 UTC] PHP Warning:  Division by zero in /home/ubuntu/workspace/PhysicsAjax2/resources/solve_library.php on line 54
[22-Jun-2017 00:56:37 UTC] PHP Stack trace:
[22-Jun-2017 00:56:37 UTC] PHP   1. {main}() /home/ubuntu/workspace/PhysicsAjax2/public/receiver.php:0
[22-Jun-2017 00:56:37 UTC] PHP   2. solvve() /home/ubuntu/workspace/PhysicsAjax2/public/receiver.php:115
[22-Jun-2017 00:56:37 UTC] PHP Warning:  Division by zero in /home/ubuntu/workspace/PhysicsAjax2/resources/solve_library.php on line 58
[22-Jun-2017 00:56:37 UTC] PHP Stack trace:
[22-Jun-2017 00:56:37 UTC] PHP   1. {main}() /home/ubuntu/workspace/PhysicsAjax2/public/receiver.php:0
[22-Jun-2017 00:56:37 UTC] PHP   2. solvve() /home/ubuntu/workspace/PhysicsAjax2/public/receiver.php:115
[22-Jun-2017 00:56:37 UTC] PHP Warning:  Division by zero in /home/ubuntu/workspace/PhysicsAjax2/resources/solve_library.php on line 59
[22-Jun-2017 00:56:37 UTC] PHP Stack trace:
[22-Jun-2017 00:56:37 UTC] PHP   1. {main}() /home/ubuntu/workspace/PhysicsAjax2/public/receiver.php:0
[22-Jun-2017 00:56:37 UTC] PHP   2. solvve() /home/ubuntu/workspace/PhysicsAjax2/public/receiver.php:115
[22-Jun-2017 01:03:39 UTC] PHP Warning:  Division by zero in /home/ubuntu/workspace/PhysicsAjax2/public/receiver.php on line 87
[22-Jun-2017 01:03:39 UTC] PHP Stack trace:
[22-Jun-2017 01:03:39 UTC] PHP   1. {main}() /home/ubuntu/workspace/PhysicsAjax2/public/receiver.php:0
[22-Jun-2017 01:03:39 UTC] PHP Warning:  Division by zero in /home/ubuntu/workspace/PhysicsAjax2/resources/solve_library.php on line 49
[22-Jun-2017 01:03:39 UTC] PHP Stack trace:
[22-Jun-2017 01:03:39 UTC] PHP   1. {main}() /home/ubuntu/workspace/PhysicsAjax2/public/receiver.php:0
[22-Jun-2017 01:03:39 UTC] PHP   2. solvve() /home/ubuntu/workspace/PhysicsAjax2/public/receiver.php:117
[22-Jun-2017 01:03:39 UTC] PHP Warning:  Division by zero in /home/ubuntu/workspace/PhysicsAjax2/resources/solve_library.php on line 49
[22-Jun-2017 01:03:39 UTC] PHP Stack trace:
[22-Jun-2017 01:03:39 UTC] PHP   1. {main}() /home/ubuntu/workspace/PhysicsAjax2/public/receiver.php:0
[22-Jun-2017 01:03:39 UTC] PHP   2. solvve() /home/ubuntu/workspace/PhysicsAjax2/public/receiver.php:117
[22-Jun-2017 01:03:39 UTC] PHP Warning:  Division by zero in /home/ubuntu/workspace/PhysicsAjax2/resources/solve_library.php on line 49
[22-Jun-2017 01:03:39 UTC] PHP Stack trace:
[22-Jun-2017 01:03:39 UTC] PHP   1. {main}() /home/ubuntu/workspace/PhysicsAjax2/public/receiver.php:0
[22-Jun-2017 01:03:39 UTC] PHP   2. solvve() /home/ubuntu/workspace/PhysicsAjax2/public/receiver.php:117
[22-Jun-2017 01:03:39 UTC] PHP Warning:  Division by zero in /home/ubuntu/workspace/PhysicsAjax2/resources/solve_library.php on line 50
[22-Jun-2017 01:03:39 UTC] PHP Stack trace:
[22-Jun-2017 01:03:39 UTC] PHP   1. {main}() /home/ubuntu/workspace/PhysicsAjax2/public/receiver.php:0
[22-Jun-2017 01:03:39 UTC] PHP   2. solvve() /home/ubuntu/workspace/PhysicsAjax2/public/receiver.php:117
[22-Jun-2017 01:03:39 UTC] PHP Warning:  Division by zero in /home/ubuntu/workspace/PhysicsAjax2/resources/solve_library.php on line 50
[22-Jun-2017 01:03:39 UTC] PHP Stack trace:
[22-Jun-2017 01:03:39 UTC] PHP   1. {main}() /home/ubuntu/workspace/PhysicsAjax2/public/receiver.php:0
[22-Jun-2017 01:03:39 UTC] PHP   2. solvve() /home/ubuntu/workspace/PhysicsAjax2/public/receiver.php:117
[22-Jun-2017 01:03:39 UTC] PHP Warning:  Division by zero in /home/ubuntu/workspace/PhysicsAjax2/resources/solve_library.php on line 50
[22-Jun-2017 01:03:39 UTC] PHP Stack trace:
[22-Jun-2017 01:03:39 UTC] PHP   1. {main}() /home/ubuntu/workspace/PhysicsAjax2/public/receiver.php:0
[22-Jun-2017 01:03:39 UTC] PHP   2. solvve() /home/ubuntu/workspace/PhysicsAjax2/public/receiver.php:117
[22-Jun-2017 01:03:39 UTC] PHP Warning:  Division by zero in /home/ubuntu/workspace/PhysicsAjax2/resources/solve_library.php on line 54
[22-Jun-2017 01:03:39 UTC] PHP Stack trace:
[22-Jun-2017 01:03:39 UTC] PHP   1. {main}() /home/ubuntu/workspace/PhysicsAjax2/public/receiver.php:0
[22-Jun-2017 01:03:39 UTC] PHP   2. solvve() /home/ubuntu/workspace/PhysicsAjax2/public/receiver.php:117
[22-Jun-2017 01:03:39 UTC] PHP Warning:  Division by zero in /home/ubuntu/workspace/PhysicsAjax2/resources/solve_library.php on line 58
[22-Jun-2017 01:03:39 UTC] PHP Stack trace:
[22-Jun-2017 01:03:39 UTC] PHP   1. {main}() /home/ubuntu/workspace/PhysicsAjax2/public/receiver.php:0
[22-Jun-2017 01:03:39 UTC] PHP   2. solvve() /home/ubuntu/workspace/PhysicsAjax2/public/receiver.php:117
[22-Jun-2017 01:03:39 UTC] PHP Warning:  Division by zero in /home/ubuntu/workspace/PhysicsAjax2/resources/solve_library.php on line 59
[22-Jun-2017 01:03:39 UTC] PHP Stack trace:
[22-Jun-2017 01:03:39 UTC] PHP   1. {main}() /home/ubuntu/workspace/PhysicsAjax2/public/receiver.php:0
[22-Jun-2017 01:03:39 UTC] PHP   2. solvve() /home/ubuntu/workspace/PhysicsAjax2/public/receiver.php:117
[22-Jun-2017 01:05:26 UTC] PHP Warning:  Division by zero in /home/ubuntu/workspace/PhysicsAjax2/resources/solve_library.php on line 49
[22-Jun-2017 01:05:26 UTC] PHP Stack trace:
[22-Jun-2017 01:05:26 UTC] PHP   1. {main}() /home/ubuntu/workspace/PhysicsAjax2/public/receiver.php:0
[22-Jun-2017 01:05:26 UTC] PHP   2. solvve() /home/ubuntu/workspace/PhysicsAjax2/public/receiver.php:116
[22-Jun-2017 01:05:26 UTC] PHP Warning:  Division by zero in /home/ubuntu/workspace/PhysicsAjax2/resources/solve_library.php on line 49
[22-Jun-2017 01:05:26 UTC] PHP Stack trace:
[22-Jun-2017 01:05:26 UTC] PHP   1. {main}() /home/ubuntu/workspace/PhysicsAjax2/public/receiver.php:0
[22-Jun-2017 01:05:26 UTC] PHP   2. solvve() /home/ubuntu/workspace/PhysicsAjax2/public/receiver.php:116
[22-Jun-2017 01:05:26 UTC] PHP Warning:  Division by zero in /home/ubuntu/workspace/PhysicsAjax2/resources/solve_library.php on line 49
[22-Jun-2017 01:05:26 UTC] PHP Stack trace:
[22-Jun-2017 01:05:26 UTC] PHP   1. {main}() /home/ubuntu/workspace/PhysicsAjax2/public/receiver.php:0
[22-Jun-2017 01:05:26 UTC] PHP   2. solvve() /home/ubuntu/workspace/PhysicsAjax2/public/receiver.php:116
[22-Jun-2017 01:05:26 UTC] PHP Warning:  Division by zero in /home/ubuntu/workspace/PhysicsAjax2/resources/solve_library.php on line 50
[22-Jun-2017 01:05:26 UTC] PHP Stack trace:
[22-Jun-2017 01:05:26 UTC] PHP   1. {main}() /home/ubuntu/workspace/PhysicsAjax2/public/receiver.php:0
[22-Jun-2017 01:05:26 UTC] PHP   2. solvve() /home/ubuntu/workspace/PhysicsAjax2/public/receiver.php:116
[22-Jun-2017 01:05:26 UTC] PHP Warning:  Division by zero in /home/ubuntu/workspace/PhysicsAjax2/resources/solve_library.php on line 50
[22-Jun-2017 01:05:26 UTC] PHP Stack trace:
[22-Jun-2017 01:05:26 UTC] PHP   1. {main}() /home/ubuntu/workspace/PhysicsAjax2/public/receiver.php:0
[22-Jun-2017 01:05:26 UTC] PHP   2. solvve() /home/ubuntu/workspace/PhysicsAjax2/public/receiver.php:116
[22-Jun-2017 01:05:26 UTC] PHP Warning:  Division by zero in /home/ubuntu/workspace/PhysicsAjax2/resources/solve_library.php on line 50
[22-Jun-2017 01:05:26 UTC] PHP Stack trace:
[22-Jun-2017 01:05:26 UTC] PHP   1. {main}() /home/ubuntu/workspace/PhysicsAjax2/public/receiver.php:0
[22-Jun-2017 01:05:26 UTC] PHP   2. solvve() /home/ubuntu/workspace/PhysicsAjax2/public/receiver.php:116
[22-Jun-2017 01:05:26 UTC] PHP Warning:  Division by zero in /home/ubuntu/workspace/PhysicsAjax2/resources/solve_library.php on line 54
[22-Jun-2017 01:05:26 UTC] PHP Stack trace:
[22-Jun-2017 01:05:26 UTC] PHP   1. {main}() /home/ubuntu/workspace/PhysicsAjax2/public/receiver.php:0
[22-Jun-2017 01:05:26 UTC] PHP   2. solvve() /home/ubuntu/workspace/PhysicsAjax2/public/receiver.php:116
[22-Jun-2017 01:05:26 UTC] PHP Warning:  Division by zero in /home/ubuntu/workspace/PhysicsAjax2/resources/solve_library.php on line 58
[22-Jun-2017 01:05:26 UTC] PHP Stack trace:
[22-Jun-2017 01:05:26 UTC] PHP   1. {main}() /home/ubuntu/workspace/PhysicsAjax2/public/receiver.php:0
[22-Jun-2017 01:05:26 UTC] PHP   2. solvve() /home/ubuntu/workspace/PhysicsAjax2/public/receiver.php:116
[22-Jun-2017 01:05:26 UTC] PHP Warning:  Division by zero in /home/ubuntu/workspace/PhysicsAjax2/resources/solve_library.php on line 59
[22-Jun-2017 01:05:26 UTC] PHP Stack trace:
[22-Jun-2017 01:05:26 UTC] PHP   1. {main}() /home/ubuntu/workspace/PhysicsAjax2/public/receiver.php:0
[22-Jun-2017 01:05:26 UTC] PHP   2. solvve() /home/ubuntu/workspace/PhysicsAjax2/public/receiver.php:116
[22-Jun-2017 01:10:57 UTC] PHP Warning:  Division by zero in /home/ubuntu/workspace/PhysicsAjax2/resources/solve_library.php on line 49
[22-Jun-2017 01:10:57 UTC] PHP Stack trace:
[22-Jun-2017 01:10:57 UTC] PHP   1. {main}() /home/ubuntu/workspace/PhysicsAjax2/public/receiver.php:0
[22-Jun-2017 01:10:57 UTC] PHP   2. solvve() /home/ubuntu/workspace/PhysicsAjax2/public/receiver.php:112
[22-Jun-2017 01:10:57 UTC] PHP Warning:  Division by zero in /home/ubuntu/workspace/PhysicsAjax2/resources/solve_library.php on line 49
[22-Jun-2017 01:10:57 UTC] PHP Stack trace:
[22-Jun-2017 01:10:57 UTC] PHP   1. {main}() /home/ubuntu/workspace/PhysicsAjax2/public/receiver.php:0
[22-Jun-2017 01:10:57 UTC] PHP   2. solvve() /home/ubuntu/workspace/PhysicsAjax2/public/receiver.php:112
[22-Jun-2017 01:10:57 UTC] PHP Warning:  Division by zero in /home/ubuntu/workspace/PhysicsAjax2/resources/solve_library.php on line 49
[22-Jun-2017 01:10:57 UTC] PHP Stack trace:
[22-Jun-2017 01:10:57 UTC] PHP   1. {main}() /home/ubuntu/workspace/PhysicsAjax2/public/receiver.php:0
[22-Jun-2017 01:10:57 UTC] PHP   2. solvve() /home/ubuntu/workspace/PhysicsAjax2/public/receiver.php:112
[22-Jun-2017 01:10:57 UTC] PHP Warning:  Division by zero in /home/ubuntu/workspace/PhysicsAjax2/resources/solve_library.php on line 50
[22-Jun-2017 01:10:57 UTC] PHP Stack trace:
[22-Jun-2017 01:10:57 UTC] PHP   1. {main}() /home/ubuntu/workspace/PhysicsAjax2/public/receiver.php:0
[22-Jun-2017 01:10:57 UTC] PHP   2. solvve() /home/ubuntu/workspace/PhysicsAjax2/public/receiver.php:112
[22-Jun-2017 01:10:57 UTC] PHP Warning:  Division by zero in /home/ubuntu/workspace/PhysicsAjax2/resources/solve_library.php on line 50
[22-Jun-2017 01:10:57 UTC] PHP Stack trace:
[22-Jun-2017 01:10:57 UTC] PHP   1. {main}() /home/ubuntu/workspace/PhysicsAjax2/public/receiver.php:0
[22-Jun-2017 01:10:57 UTC] PHP   2. solvve() /home/ubuntu/workspace/PhysicsAjax2/public/receiver.php:112
[22-Jun-2017 01:10:57 UTC] PHP Warning:  Division by zero in /home/ubuntu/workspace/PhysicsAjax2/resources/solve_library.php on line 50
[22-Jun-2017 01:10:57 UTC] PHP Stack trace:
[22-Jun-2017 01:10:57 UTC] PHP   1. {main}() /home/ubuntu/workspace/PhysicsAjax2/public/receiver.php:0
[22-Jun-2017 01:10:57 UTC] PHP   2. solvve() /home/ubuntu/workspace/PhysicsAjax2/public/receiver.php:112
[22-Jun-2017 01:10:57 UTC] PHP Warning:  Division by zero in /home/ubuntu/workspace/PhysicsAjax2/resources/solve_library.php on line 54
[22-Jun-2017 01:10:57 UTC] PHP Stack trace:
[22-Jun-2017 01:10:57 UTC] PHP   1. {main}() /home/ubuntu/workspace/PhysicsAjax2/public/receiver.php:0
[22-Jun-2017 01:10:57 UTC] PHP   2. solvve() /home/ubuntu/workspace/PhysicsAjax2/public/receiver.php:112
[22-Jun-2017 01:10:57 UTC] PHP Warning:  Division by zero in /home/ubuntu/workspace/PhysicsAjax2/resources/solve_library.php on line 58
[22-Jun-2017 01:10:57 UTC] PHP Stack trace:
[22-Jun-2017 01:10:57 UTC] PHP   1. {main}() /home/ubuntu/workspace/PhysicsAjax2/public/receiver.php:0
[22-Jun-2017 01:10:57 UTC] PHP   2. solvve() /home/ubuntu/workspace/PhysicsAjax2/public/receiver.php:112
[22-Jun-2017 01:10:57 UTC] PHP Warning:  Division by zero in /home/ubuntu/workspace/PhysicsAjax2/resources/solve_library.php on line 59
[22-Jun-2017 01:10:57 UTC] PHP Stack trace:
[22-Jun-2017 01:10:57 UTC] PHP   1. {main}() /home/ubuntu/workspace/PhysicsAjax2/public/receiver.php:0
[22-Jun-2017 01:10:57 UTC] PHP   2. solvve() /home/ubuntu/workspace/PhysicsAjax2/public/receiver.php:112
[22-Jun-2017 01:10:58 UTC] PHP Warning:  Division by zero in /home/ubuntu/workspace/PhysicsAjax2/resources/solve_library.php on line 49
[22-Jun-2017 01:10:58 UTC] PHP Stack trace:
[22-Jun-2017 01:10:58 UTC] PHP   1. {main}() /home/ubuntu/workspace/PhysicsAjax2/public/receiver.php:0
[22-Jun-2017 01:10:58 UTC] PHP   2. solvve() /home/ubuntu/workspace/PhysicsAjax2/public/receiver.php:112
[22-Jun-2017 01:10:58 UTC] PHP Warning:  Division by zero in /home/ubuntu/workspace/PhysicsAjax2/resources/solve_library.php on line 49
[22-Jun-2017 01:10:58 UTC] PHP Stack trace:
[22-Jun-2017 01:10:58 UTC] PHP   1. {main}() /home/ubuntu/workspace/PhysicsAjax2/public/receiver.php:0
[22-Jun-2017 01:10:58 UTC] PHP   2. solvve() /home/ubuntu/workspace/PhysicsAjax2/public/receiver.php:112
[22-Jun-2017 01:10:58 UTC] PHP Warning:  Division by zero in /home/ubuntu/workspace/PhysicsAjax2/resources/solve_library.php on line 49
[22-Jun-2017 01:10:58 UTC] PHP Stack trace:
[22-Jun-2017 01:10:58 UTC] PHP   1. {main}() /home/ubuntu/workspace/PhysicsAjax2/public/receiver.php:0
[22-Jun-2017 01:10:58 UTC] PHP   2. solvve() /home/ubuntu/workspace/PhysicsAjax2/public/receiver.php:112
[22-Jun-2017 01:10:58 UTC] PHP Warning:  Division by zero in /home/ubuntu/workspace/PhysicsAjax2/resources/solve_library.php on line 50
[22-Jun-2017 01:10:58 UTC] PHP Stack trace:
[22-Jun-2017 01:10:58 UTC] PHP   1. {main}() /home/ubuntu/workspace/PhysicsAjax2/public/receiver.php:0
[22-Jun-2017 01:10:58 UTC] PHP   2. solvve() /home/ubuntu/workspace/PhysicsAjax2/public/receiver.php:112
[22-Jun-2017 01:10:58 UTC] PHP Warning:  Division by zero in /home/ubuntu/workspace/PhysicsAjax2/resources/solve_library.php on line 50
[22-Jun-2017 01:10:58 UTC] PHP Stack trace:
[22-Jun-2017 01:10:58 UTC] PHP   1. {main}() /home/ubuntu/workspace/PhysicsAjax2/public/receiver.php:0
[22-Jun-2017 01:10:58 UTC] PHP   2. solvve() /home/ubuntu/workspace/PhysicsAjax2/public/receiver.php:112
[22-Jun-2017 01:10:58 UTC] PHP Warning:  Division by zero in /home/ubuntu/workspace/PhysicsAjax2/resources/solve_library.php on line 50
[22-Jun-2017 01:10:58 UTC] PHP Stack trace:
[22-Jun-2017 01:10:58 UTC] PHP   1. {main}() /home/ubuntu/workspace/PhysicsAjax2/public/receiver.php:0
[22-Jun-2017 01:10:58 UTC] PHP   2. solvve() /home/ubuntu/workspace/PhysicsAjax2/public/receiver.php:112
[22-Jun-2017 01:10:58 UTC] PHP Warning:  Division by zero in /home/ubuntu/workspace/PhysicsAjax2/resources/solve_library.php on line 54
[22-Jun-2017 01:10:58 UTC] PHP Stack trace:
[22-Jun-2017 01:10:58 UTC] PHP   1. {main}() /home/ubuntu/workspace/PhysicsAjax2/public/receiver.php:0
[22-Jun-2017 01:10:58 UTC] PHP   2. solvve() /home/ubuntu/workspace/PhysicsAjax2/public/receiver.php:112
[22-Jun-2017 01:10:58 UTC] PHP Warning:  Division by zero in /home/ubuntu/workspace/PhysicsAjax2/resources/solve_library.php on line 58
[22-Jun-2017 01:10:58 UTC] PHP Stack trace:
[22-Jun-2017 01:10:58 UTC] PHP   1. {main}() /home/ubuntu/workspace/PhysicsAjax2/public/receiver.php:0
[22-Jun-2017 01:10:58 UTC] PHP   2. solvve() /home/ubuntu/workspace/PhysicsAjax2/public/receiver.php:112
[22-Jun-2017 01:10:58 UTC] PHP Warning:  Division by zero in /home/ubuntu/workspace/PhysicsAjax2/resources/solve_library.php on line 59
[22-Jun-2017 01:10:58 UTC] PHP Stack trace:
[22-Jun-2017 01:10:58 UTC] PHP   1. {main}() /home/ubuntu/workspace/PhysicsAjax2/public/receiver.php:0
[22-Jun-2017 01:10:58 UTC] PHP   2. solvve() /home/ubuntu/workspace/PhysicsAjax2/public/receiver.php:112
[22-Jun-2017 01:11:12 UTC] PHP Warning:  Division by zero in /home/ubuntu/workspace/PhysicsAjax2/resources/solve_library.php on line 49
[22-Jun-2017 01:11:12 UTC] PHP Stack trace:
[22-Jun-2017 01:11:12 UTC] PHP   1. {main}() /home/ubuntu/workspace/PhysicsAjax2/public/receiver.php:0
[22-Jun-2017 01:11:12 UTC] PHP   2. solvve() /home/ubuntu/workspace/PhysicsAjax2/public/receiver.php:112
[22-Jun-2017 01:11:12 UTC] PHP Warning:  Division by zero in /home/ubuntu/workspace/PhysicsAjax2/resources/solve_library.php on line 49
[22-Jun-2017 01:11:12 UTC] PHP Stack trace:
[22-Jun-2017 01:11:12 UTC] PHP   1. {main}() /home/ubuntu/workspace/PhysicsAjax2/public/receiver.php:0
[22-Jun-2017 01:11:12 UTC] PHP   2. solvve() /home/ubuntu/workspace/PhysicsAjax2/public/receiver.php:112
[22-Jun-2017 01:11:12 UTC] PHP Warning:  Division by zero in /home/ubuntu/workspace/PhysicsAjax2/resources/solve_library.php on line 49
[22-Jun-2017 01:11:12 UTC] PHP Stack trace:
[22-Jun-2017 01:11:12 UTC] PHP   1. {main}() /home/ubuntu/workspace/PhysicsAjax2/public/receiver.php:0
[22-Jun-2017 01:11:12 UTC] PHP   2. solvve() /home/ubuntu/workspace/PhysicsAjax2/public/receiver.php:112
[22-Jun-2017 01:11:12 UTC] PHP Warning:  Division by zero in /home/ubuntu/workspace/PhysicsAjax2/resources/solve_library.php on line 50
[22-Jun-2017 01:11:12 UTC] PHP Stack trace:
[22-Jun-2017 01:11:12 UTC] PHP   1. {main}() /home/ubuntu/workspace/PhysicsAjax2/public/receiver.php:0
[22-Jun-2017 01:11:12 UTC] PHP   2. solvve() /home/ubuntu/workspace/PhysicsAjax2/public/receiver.php:112
[22-Jun-2017 01:11:12 UTC] PHP Warning:  Division by zero in /home/ubuntu/workspace/PhysicsAjax2/resources/solve_library.php on line 50
[22-Jun-2017 01:11:12 UTC] PHP Stack trace:
[22-Jun-2017 01:11:12 UTC] PHP   1. {main}() /home/ubuntu/workspace/PhysicsAjax2/public/receiver.php:0
[22-Jun-2017 01:11:12 UTC] PHP   2. solvve() /home/ubuntu/workspace/PhysicsAjax2/public/receiver.php:112
[22-Jun-2017 01:11:12 UTC] PHP Warning:  Division by zero in /home/ubuntu/workspace/PhysicsAjax2/resources/solve_library.php on line 50
[22-Jun-2017 01:11:12 UTC] PHP Stack trace:
[22-Jun-2017 01:11:12 UTC] PHP   1. {main}() /home/ubuntu/workspace/PhysicsAjax2/public/receiver.php:0
[22-Jun-2017 01:11:12 UTC] PHP   2. solvve() /home/ubuntu/workspace/PhysicsAjax2/public/receiver.php:112
[22-Jun-2017 01:11:12 UTC] PHP Warning:  Division by zero in /home/ubuntu/workspace/PhysicsAjax2/resources/solve_library.php on line 54
[22-Jun-2017 01:11:12 UTC] PHP Stack trace:
[22-Jun-2017 01:11:12 UTC] PHP   1. {main}() /home/ubuntu/workspace/PhysicsAjax2/public/receiver.php:0
[22-Jun-2017 01:11:12 UTC] PHP   2. solvve() /home/ubuntu/workspace/PhysicsAjax2/public/receiver.php:112
[22-Jun-2017 01:11:12 UTC] PHP Warning:  Division by zero in /home/ubuntu/workspace/PhysicsAjax2/resources/solve_library.php on line 58
[22-Jun-2017 01:11:12 UTC] PHP Stack trace:
[22-Jun-2017 01:11:12 UTC] PHP   1. {main}() /home/ubuntu/workspace/PhysicsAjax2/public/receiver.php:0
[22-Jun-2017 01:11:12 UTC] PHP   2. solvve() /home/ubuntu/workspace/PhysicsAjax2/public/receiver.php:112
[22-Jun-2017 01:11:12 UTC] PHP Warning:  Division by zero in /home/ubuntu/workspace/PhysicsAjax2/resources/solve_library.php on line 59
[22-Jun-2017 01:11:12 UTC] PHP Stack trace:
[22-Jun-2017 01:11:12 UTC] PHP   1. {main}() /home/ubuntu/workspace/PhysicsAjax2/public/receiver.php:0
[22-Jun-2017 01:11:12 UTC] PHP   2. solvve() /home/ubuntu/workspace/PhysicsAjax2/public/receiver.php:112
[22-Jun-2017 01:11:14 UTC] PHP Warning:  Division by zero in /home/ubuntu/workspace/PhysicsAjax2/resources/solve_library.php on line 49
[22-Jun-2017 01:11:14 UTC] PHP Stack trace:
[22-Jun-2017 01:11:14 UTC] PHP   1. {main}() /home/ubuntu/workspace/PhysicsAjax2/public/receiver.php:0
[22-Jun-2017 01:11:14 UTC] PHP   2. solvve() /home/ubuntu/workspace/PhysicsAjax2/public/receiver.php:112
[22-Jun-2017 01:11:14 UTC] PHP Warning:  Division by zero in /home/ubuntu/workspace/PhysicsAjax2/resources/solve_library.php on line 49
[22-Jun-2017 01:11:14 UTC] PHP Stack trace:
[22-Jun-2017 01:11:14 UTC] PHP   1. {main}() /home/ubuntu/workspace/PhysicsAjax2/public/receiver.php:0
[22-Jun-2017 01:11:14 UTC] PHP   2. solvve() /home/ubuntu/workspace/PhysicsAjax2/public/receiver.php:112
[22-Jun-2017 01:11:14 UTC] PHP Warning:  Division by zero in /home/ubuntu/workspace/PhysicsAjax2/resources/solve_library.php on line 49
[22-Jun-2017 01:11:14 UTC] PHP Stack trace:
[22-Jun-2017 01:11:14 UTC] PHP   1. {main}() /home/ubuntu/workspace/PhysicsAjax2/public/receiver.php:0
[22-Jun-2017 01:11:14 UTC] PHP   2. solvve() /home/ubuntu/workspace/PhysicsAjax2/public/receiver.php:112
[22-Jun-2017 01:11:14 UTC] PHP Warning:  Division by zero in /home/ubuntu/workspace/PhysicsAjax2/resources/solve_library.php on line 50
[22-Jun-2017 01:11:14 UTC] PHP Stack trace:
[22-Jun-2017 01:11:14 UTC] PHP   1. {main}() /home/ubuntu/workspace/PhysicsAjax2/public/receiver.php:0
[22-Jun-2017 01:11:14 UTC] PHP   2. solvve() /home/ubuntu/workspace/PhysicsAjax2/public/receiver.php:112
[22-Jun-2017 01:11:14 UTC] PHP Warning:  Division by zero in /home/ubuntu/workspace/PhysicsAjax2/resources/solve_library.php on line 50
[22-Jun-2017 01:11:14 UTC] PHP Stack trace:
[22-Jun-2017 01:11:14 UTC] PHP   1. {main}() /home/ubuntu/workspace/PhysicsAjax2/public/receiver.php:0
[22-Jun-2017 01:11:14 UTC] PHP   2. solvve() /home/ubuntu/workspace/PhysicsAjax2/public/receiver.php:112
[22-Jun-2017 01:11:14 UTC] PHP Warning:  Division by zero in /home/ubuntu/workspace/PhysicsAjax2/resources/solve_library.php on line 50
[22-Jun-2017 01:11:14 UTC] PHP Stack trace:
[22-Jun-2017 01:11:14 UTC] PHP   1. {main}() /home/ubuntu/workspace/PhysicsAjax2/public/receiver.php:0
[22-Jun-2017 01:11:14 UTC] PHP   2. solvve() /home/ubuntu/workspace/PhysicsAjax2/public/receiver.php:112
[22-Jun-2017 01:11:14 UTC] PHP Warning:  Division by zero in /home/ubuntu/workspace/PhysicsAjax2/resources/solve_library.php on line 54
[22-Jun-2017 01:11:14 UTC] PHP Stack trace:
[22-Jun-2017 01:11:14 UTC] PHP   1. {main}() /home/ubuntu/workspace/PhysicsAjax2/public/receiver.php:0
[22-Jun-2017 01:11:14 UTC] PHP   2. solvve() /home/ubuntu/workspace/PhysicsAjax2/public/receiver.php:112
[22-Jun-2017 01:11:14 UTC] PHP Warning:  Division by zero in /home/ubuntu/workspace/PhysicsAjax2/resources/solve_library.php on line 58
[22-Jun-2017 01:11:14 UTC] PHP Stack trace:
[22-Jun-2017 01:11:14 UTC] PHP   1. {main}() /home/ubuntu/workspace/PhysicsAjax2/public/receiver.php:0
[22-Jun-2017 01:11:14 UTC] PHP   2. solvve() /home/ubuntu/workspace/PhysicsAjax2/public/receiver.php:112
[22-Jun-2017 01:11:14 UTC] PHP Warning:  Division by zero in /home/ubuntu/workspace/PhysicsAjax2/resources/solve_library.php on line 59
[22-Jun-2017 01:11:14 UTC] PHP Stack trace:
[22-Jun-2017 01:11:14 UTC] PHP   1. {main}() /home/ubuntu/workspace/PhysicsAjax2/public/receiver.php:0
[22-Jun-2017 01:11:14 UTC] PHP   2. solvve() /home/ubuntu/workspace/PhysicsAjax2/public/receiver.php:112
[22-Jun-2017 01:12:02 UTC] PHP Warning:  Division by zero in /home/ubuntu/workspace/PhysicsAjax2/resources/solve_library.php on line 49
[22-Jun-2017 01:12:02 UTC] PHP Stack trace:
[22-Jun-2017 01:12:02 UTC] PHP   1. {main}() /home/ubuntu/workspace/PhysicsAjax2/public/receiver.php:0
[22-Jun-2017 01:12:02 UTC] PHP   2. solve() /home/ubuntu/workspace/PhysicsAjax2/public/receiver.php:112
[22-Jun-2017 01:12:02 UTC] PHP Warning:  Division by zero in /home/ubuntu/workspace/PhysicsAjax2/resources/solve_library.php on line 49
[22-Jun-2017 01:12:02 UTC] PHP Stack trace:
[22-Jun-2017 01:12:02 UTC] PHP   1. {main}() /home/ubuntu/workspace/PhysicsAjax2/public/receiver.php:0
[22-Jun-2017 01:12:02 UTC] PHP   2. solve() /home/ubuntu/workspace/PhysicsAjax2/public/receiver.php:112
[22-Jun-2017 01:12:02 UTC] PHP Warning:  Division by zero in /home/ubuntu/workspace/PhysicsAjax2/resources/solve_library.php on line 49
[22-Jun-2017 01:12:02 UTC] PHP Stack trace:
[22-Jun-2017 01:12:02 UTC] PHP   1. {main}() /home/ubuntu/workspace/PhysicsAjax2/public/receiver.php:0
[22-Jun-2017 01:12:02 UTC] PHP   2. solve() /home/ubuntu/workspace/PhysicsAjax2/public/receiver.php:112
[22-Jun-2017 01:12:02 UTC] PHP Warning:  Division by zero in /home/ubuntu/workspace/PhysicsAjax2/resources/solve_library.php on line 50
[22-Jun-2017 01:12:02 UTC] PHP Stack trace:
[22-Jun-2017 01:12:02 UTC] PHP   1. {main}() /home/ubuntu/workspace/PhysicsAjax2/public/receiver.php:0
[22-Jun-2017 01:12:02 UTC] PHP   2. solve() /home/ubuntu/workspace/PhysicsAjax2/public/receiver.php:112
[22-Jun-2017 01:12:02 UTC] PHP Warning:  Division by zero in /home/ubuntu/workspace/PhysicsAjax2/resources/solve_library.php on line 50
[22-Jun-2017 01:12:02 UTC] PHP Stack trace:
[22-Jun-2017 01:12:02 UTC] PHP   1. {main}() /home/ubuntu/workspace/PhysicsAjax2/public/receiver.php:0
[22-Jun-2017 01:12:02 UTC] PHP   2. solve() /home/ubuntu/workspace/PhysicsAjax2/public/receiver.php:112
[22-Jun-2017 01:12:02 UTC] PHP Warning:  Division by zero in /home/ubuntu/workspace/PhysicsAjax2/resources/solve_library.php on line 50
[22-Jun-2017 01:12:02 UTC] PHP Stack trace:
[22-Jun-2017 01:12:02 UTC] PHP   1. {main}() /home/ubuntu/workspace/PhysicsAjax2/public/receiver.php:0
[22-Jun-2017 01:12:02 UTC] PHP   2. solve() /home/ubuntu/workspace/PhysicsAjax2/public/receiver.php:112
[22-Jun-2017 01:12:02 UTC] PHP Warning:  Division by zero in /home/ubuntu/workspace/PhysicsAjax2/resources/solve_library.php on line 52
[22-Jun-2017 01:12:02 UTC] PHP Stack trace:
[22-Jun-2017 01:12:02 UTC] PHP   1. {main}() /home/ubuntu/workspace/PhysicsAjax2/public/receiver.php:0
[22-Jun-2017 01:12:02 UTC] PHP   2. solve() /home/ubuntu/workspace/PhysicsAjax2/public/receiver.php:112
[22-Jun-2017 01:12:02 UTC] PHP Warning:  Division by zero in /home/ubuntu/workspace/PhysicsAjax2/resources/solve_library.php on line 52
[22-Jun-2017 01:12:02 UTC] PHP Stack trace:
[22-Jun-2017 01:12:02 UTC] PHP   1. {main}() /home/ubuntu/workspace/PhysicsAjax2/public/receiver.php:0
[22-Jun-2017 01:12:02 UTC] PHP   2. solve() /home/ubuntu/workspace/PhysicsAjax2/public/receiver.php:112
[22-Jun-2017 01:12:02 UTC] PHP Warning:  Division by zero in /home/ubuntu/workspace/PhysicsAjax2/resources/solve_library.php on line 52
[22-Jun-2017 01:12:02 UTC] PHP Stack trace:
[22-Jun-2017 01:12:02 UTC] PHP   1. {main}() /home/ubuntu/workspace/PhysicsAjax2/public/receiver.php:0
[22-Jun-2017 01:12:02 UTC] PHP   2. solve() /home/ubuntu/workspace/PhysicsAjax2/public/receiver.php:112
[22-Jun-2017 01:12:02 UTC] PHP Warning:  Division by zero in /home/ubuntu/workspace/PhysicsAjax2/resources/solve_library.php on line 53
[22-Jun-2017 01:12:02 UTC] PHP Stack trace:
[22-Jun-2017 01:12:02 UTC] PHP   1. {main}() /home/ubuntu/workspace/PhysicsAjax2/public/receiver.php:0
[22-Jun-2017 01:12:02 UTC] PHP   2. solve() /home/ubuntu/workspace/PhysicsAjax2/public/receiver.php:112
[22-Jun-2017 01:12:02 UTC] PHP Warning:  Division by zero in /home/ubuntu/workspace/PhysicsAjax2/resources/solve_library.php on line 53
[22-Jun-2017 01:12:02 UTC] PHP Stack trace:
[22-Jun-2017 01:12:02 UTC] PHP   1. {main}() /home/ubuntu/workspace/PhysicsAjax2/public/receiver.php:0
[22-Jun-2017 01:12:02 UTC] PHP   2. solve() /home/ubuntu/workspace/PhysicsAjax2/public/receiver.php:112
[22-Jun-2017 01:12:02 UTC] PHP Warning:  Division by zero in /home/ubuntu/workspace/PhysicsAjax2/resources/solve_library.php on line 53
[22-Jun-2017 01:12:02 UTC] PHP Stack trace:
[22-Jun-2017 01:12:02 UTC] PHP   1. {main}() /home/ubuntu/workspace/PhysicsAjax2/public/receiver.php:0
[22-Jun-2017 01:12:02 UTC] PHP   2. solve() /home/ubuntu/workspace/PhysicsAjax2/public/receiver.php:112
[22-Jun-2017 01:12:02 UTC] PHP Warning:  Division by zero in /home/ubuntu/workspace/PhysicsAjax2/resources/solve_library.php on line 54
[22-Jun-2017 01:12:02 UTC] PHP Stack trace:
[22-Jun-2017 01:12:02 UTC] PHP   1. {main}() /home/ubuntu/workspace/PhysicsAjax2/public/receiver.php:0
[22-Jun-2017 01:12:02 UTC] PHP   2. solve() /home/ubuntu/workspace/PhysicsAjax2/public/receiver.php:112
[22-Jun-2017 01:12:02 UTC] PHP Warning:  Division by zero in /home/ubuntu/workspace/PhysicsAjax2/resources/solve_library.php on line 55
[22-Jun-2017 01:12:02 UTC] PHP Stack trace:
[22-Jun-2017 01:12:02 UTC] PHP   1. {main}() /home/ubuntu/workspace/PhysicsAjax2/public/receiver.php:0
[22-Jun-2017 01:12:02 UTC] PHP   2. solve() /home/ubuntu/workspace/PhysicsAjax2/public/receiver.php:112
[22-Jun-2017 01:12:02 UTC] PHP Warning:  Division by zero in /home/ubuntu/workspace/PhysicsAjax2/resources/solve_library.php on line 55
[22-Jun-2017 01:12:02 UTC] PHP Stack trace:
[22-Jun-2017 01:12:02 UTC] PHP   1. {main}() /home/ubuntu/workspace/PhysicsAjax2/public/receiver.php:0
[22-Jun-2017 01:12:02 UTC] PHP   2. solve() /home/ubuntu/workspace/PhysicsAjax2/public/receiver.php:112
[22-Jun-2017 01:12:02 UTC] PHP Warning:  Division by zero in /home/ubuntu/workspace/PhysicsAjax2/resources/solve_library.php on line 56
[22-Jun-2017 01:12:02 UTC] PHP Stack trace:
[22-Jun-2017 01:12:02 UTC] PHP   1. {main}() /home/ubuntu/workspace/PhysicsAjax2/public/receiver.php:0
[22-Jun-2017 01:12:02 UTC] PHP   2. solve() /home/ubuntu/workspace/PhysicsAjax2/public/receiver.php:112
[22-Jun-2017 01:12:02 UTC] PHP Warning:  Division by zero in /home/ubuntu/workspace/PhysicsAjax2/resources/solve_library.php on line 56
[22-Jun-2017 01:12:02 UTC] PHP Stack trace:
[22-Jun-2017 01:12:02 UTC] PHP   1. {main}() /home/ubuntu/workspace/PhysicsAjax2/public/receiver.php:0
[22-Jun-2017 01:12:02 UTC] PHP   2. solve() /home/ubuntu/workspace/PhysicsAjax2/public/receiver.php:112
[22-Jun-2017 01:12:02 UTC] PHP Warning:  Division by zero in /home/ubuntu/workspace/PhysicsAjax2/resources/solve_library.php on line 58
[22-Jun-2017 01:12:02 UTC] PHP Stack trace:
[22-Jun-2017 01:12:02 UTC] PHP   1. {main}() /home/ubuntu/workspace/PhysicsAjax2/public/receiver.php:0
[22-Jun-2017 01:12:02 UTC] PHP   2. solve() /home/ubuntu/workspace/PhysicsAjax2/public/receiver.php:112
[22-Jun-2017 01:12:02 UTC] PHP Warning:  Division by zero in /home/ubuntu/workspace/PhysicsAjax2/resources/solve_library.php on line 59
[22-Jun-2017 01:12:02 UTC] PHP Stack trace:
[22-Jun-2017 01:12:02 UTC] PHP   1. {main}() /home/ubuntu/workspace/PhysicsAjax2/public/receiver.php:0
[22-Jun-2017 01:12:02 UTC] PHP   2. solve() /home/ubuntu/workspace/PhysicsAjax2/public/receiver.php:112
[22-Jun-2017 01:14:02 UTC] PHP Warning:  Division by zero in /home/ubuntu/workspace/PhysicsAjax2/resources/solve_library.php on line 49
[22-Jun-2017 01:14:02 UTC] PHP Stack trace:
[22-Jun-2017 01:14:02 UTC] PHP   1. {main}() /home/ubuntu/workspace/PhysicsAjax2/public/receiver.php:0
[22-Jun-2017 01:14:02 UTC] PHP   2. solve() /home/ubuntu/workspace/PhysicsAjax2/public/receiver.php:112
[22-Jun-2017 01:14:02 UTC] PHP Warning:  Division by zero in /home/ubuntu/workspace/PhysicsAjax2/resources/solve_library.php on line 49
[22-Jun-2017 01:14:02 UTC] PHP Stack trace:
[22-Jun-2017 01:14:02 UTC] PHP   1. {main}() /home/ubuntu/workspace/PhysicsAjax2/public/receiver.php:0
[22-Jun-2017 01:14:02 UTC] PHP   2. solve() /home/ubuntu/workspace/PhysicsAjax2/public/receiver.php:112
[22-Jun-2017 01:14:02 UTC] PHP Warning:  Division by zero in /home/ubuntu/workspace/PhysicsAjax2/resources/solve_library.php on line 49
[22-Jun-2017 01:14:02 UTC] PHP Stack trace:
[22-Jun-2017 01:14:02 UTC] PHP   1. {main}() /home/ubuntu/workspace/PhysicsAjax2/public/receiver.php:0
[22-Jun-2017 01:14:02 UTC] PHP   2. solve() /home/ubuntu/workspace/PhysicsAjax2/public/receiver.php:112
[22-Jun-2017 01:14:02 UTC] PHP Warning:  Division by zero in /home/ubuntu/workspace/PhysicsAjax2/resources/solve_library.php on line 50
[22-Jun-2017 01:14:02 UTC] PHP Stack trace:
[22-Jun-2017 01:14:02 UTC] PHP   1. {main}() /home/ubuntu/workspace/PhysicsAjax2/public/receiver.php:0
[22-Jun-2017 01:14:02 UTC] PHP   2. solve() /home/ubuntu/workspace/PhysicsAjax2/public/receiver.php:112
[22-Jun-2017 01:14:02 UTC] PHP Warning:  Division by zero in /home/ubuntu/workspace/PhysicsAjax2/resources/solve_library.php on line 50
[22-Jun-2017 01:14:02 UTC] PHP Stack trace:
[22-Jun-2017 01:14:02 UTC] PHP   1. {main}() /home/ubuntu/workspace/PhysicsAjax2/public/receiver.php:0
[22-Jun-2017 01:14:02 UTC] PHP   2. solve() /home/ubuntu/workspace/PhysicsAjax2/public/receiver.php:112
[22-Jun-2017 01:14:02 UTC] PHP Warning:  Division by zero in /home/ubuntu/workspace/PhysicsAjax2/resources/solve_library.php on line 50
[22-Jun-2017 01:14:02 UTC] PHP Stack trace:
[22-Jun-2017 01:14:02 UTC] PHP   1. {main}() /home/ubuntu/workspace/PhysicsAjax2/public/receiver.php:0
[22-Jun-2017 01:14:02 UTC] PHP   2. solve() /home/ubuntu/workspace/PhysicsAjax2/public/receiver.php:112
[22-Jun-2017 01:14:02 UTC] PHP Warning:  Division by zero in /home/ubuntu/workspace/PhysicsAjax2/resources/solve_library.php on line 54
[22-Jun-2017 01:14:02 UTC] PHP Stack trace:
[22-Jun-2017 01:14:02 UTC] PHP   1. {main}() /home/ubuntu/workspace/PhysicsAjax2/public/receiver.php:0
[22-Jun-2017 01:14:02 UTC] PHP   2. solve() /home/ubuntu/workspace/PhysicsAjax2/public/receiver.php:112
[22-Jun-2017 01:14:02 UTC] PHP Warning:  Division by zero in /home/ubuntu/workspace/PhysicsAjax2/resources/solve_library.php on line 58
[22-Jun-2017 01:14:02 UTC] PHP Stack trace:
[22-Jun-2017 01:14:02 UTC] PHP   1. {main}() /home/ubuntu/workspace/PhysicsAjax2/public/receiver.php:0
[22-Jun-2017 01:14:02 UTC] PHP   2. solve() /home/ubuntu/workspace/PhysicsAjax2/public/receiver.php:112
[22-Jun-2017 01:14:02 UTC] PHP Warning:  Division by zero in /home/ubuntu/workspace/PhysicsAjax2/resources/solve_library.php on line 59
[22-Jun-2017 01:14:02 UTC] PHP Stack trace:
[22-Jun-2017 01:14:02 UTC] PHP   1. {main}() /home/ubuntu/workspace/PhysicsAjax2/public/receiver.php:0
[22-Jun-2017 01:14:02 UTC] PHP   2. solve() /home/ubuntu/workspace/PhysicsAjax2/public/receiver.php:112
[22-Jun-2017 01:19:37 UTC] PHP Warning:  Division by zero in /home/ubuntu/workspace/PhysicsAjax2/resources/solve_library.php on line 58
[22-Jun-2017 01:19:37 UTC] PHP Stack trace:
[22-Jun-2017 01:19:37 UTC] PHP   1. {main}() /home/ubuntu/workspace/PhysicsAjax2/public/receiver.php:0
[22-Jun-2017 01:19:37 UTC] PHP   2. solve() /home/ubuntu/workspace/PhysicsAjax2/public/receiver.php:112
[22-Jun-2017 01:19:37 UTC] PHP Warning:  Division by zero in /home/ubuntu/workspace/PhysicsAjax2/resources/solve_library.php on line 59
[22-Jun-2017 01:19:37 UTC] PHP Stack trace:
[22-Jun-2017 01:19:37 UTC] PHP   1. {main}() /home/ubuntu/workspace/PhysicsAjax2/public/receiver.php:0
[22-Jun-2017 01:19:37 UTC] PHP   2. solve() /home/ubuntu/workspace/PhysicsAjax2/public/receiver.php:112
[22-Jun-2017 01:21:48 UTC] PHP Warning:  Division by zero in /home/ubuntu/workspace/PhysicsAjax2/resources/solve_library.php on line 58
[22-Jun-2017 01:21:48 UTC] PHP Stack trace:
[22-Jun-2017 01:21:48 UTC] PHP   1. {main}() /home/ubuntu/workspace/PhysicsAjax2/public/receiver.php:0
[22-Jun-2017 01:21:48 UTC] PHP   2. solve() /home/ubuntu/workspace/PhysicsAjax2/public/receiver.php:112
[22-Jun-2017 01:21:48 UTC] PHP Warning:  Division by zero in /home/ubuntu/workspace/PhysicsAjax2/resources/solve_library.php on line 59
[22-Jun-2017 01:21:48 UTC] PHP Stack trace:
[22-Jun-2017 01:21:48 UTC] PHP   1. {main}() /home/ubuntu/workspace/PhysicsAjax2/public/receiver.php:0
[22-Jun-2017 01:21:48 UTC] PHP   2. solve() /home/ubuntu/workspace/PhysicsAjax2/public/receiver.php:112
[22-Jun-2017 02:34:45 UTC] PHP Fatal error:  Call to undefined function get_categories() in /home/ubuntu/workspace/PhysicsAjax2/resources/templates/front/side_nav.php on line 7
[22-Jun-2017 02:34:45 UTC] PHP Stack trace:
[22-Jun-2017 02:34:45 UTC] PHP   1. {main}() /home/ubuntu/workspace/PhysicsAjax2/public/index.php:0
[22-Jun-2017 02:34:45 UTC] PHP   2. include() /home/ubuntu/workspace/PhysicsAjax2/public/index.php:16
